<?xml version="1.0" encoding="UTF-8"?>
<!-- Generated by org.testng.reporters.JUnitXMLReporter -->
<testsuite ignored="0" hostname="LAPTOP-6OJK6R0I" failures="0" tests="4" name="Default test" time="26.977" errors="0" timestamp="2026-06-29T19:15:11 IST">
  <testcase classname="tests.Day6_ActionsTest" name="testDragAndDrop" time="4.778"/>
  <testcase classname="tests.Day6_ActionsTest" name="testJSExecutorScrollAndClick" time="5.08"/>
  <testcase classname="tests.Day6_ActionsTest" name="testMouseHover" time="3.58"/>
  <testcase classname="tests.Day6_ActionsTest" name="testRightClickAndDoubleClick" time="4.654"/>
</testsuite> <!-- Default test -->
