<?xml version="1.0" encoding="UTF-8"?>
<!-- Generated by org.testng.reporters.JUnitXMLReporter -->
<testsuite ignored="0" hostname="LAPTOP-6OJK6R0I" failures="0" tests="3" name="Default test" time="33.567" errors="0" timestamp="2026-07-01T20:48:47 IST">
  <testcase classname="tests.Day10_FileTest" name="testBrokenImages" time="6.684"/>
  <testcase classname="tests.Day10_FileTest" name="testFileDownload" time="6.669"/>
  <testcase classname="tests.Day10_FileTest" name="testFileUpload" time="4.535"/>
</testsuite> <!-- Default test -->
