<?xml version="1.0" encoding="UTF-8"?>
<testng-results ignored="0" total="2" passed="2" failed="0" skipped="0">
  <reporter-output>
  </reporter-output>
  <suite started-at="2026-06-29T22:20:36 IST" name="Default suite" finished-at="2026-06-29T22:20:51 IST" duration-ms="15156">
    <groups>
    </groups>
    <test started-at="2026-06-29T22:20:36 IST" name="Default test" finished-at="2026-06-29T22:20:51 IST" duration-ms="15156">
      <class name="tests.Day8_AlertIFrameTest">
        <test-method is-config="true" signature="setUp()[pri:0, instance:tests.Day8_AlertIFrameTest@543295b0]" started-at="2026-06-29T22:20:36 IST" name="setUp" finished-at="2026-06-29T22:20:40 IST" duration-ms="3861" status="PASS">
          <reporter-output>
          </reporter-output>
        </test-method> <!-- setUp -->
        <test-method signature="testJavaScriptAlerts()[pri:0, instance:tests.Day8_AlertIFrameTest@543295b0]" started-at="2026-06-29T22:20:40 IST" name="testJavaScriptAlerts" finished-at="2026-06-29T22:20:45 IST" duration-ms="5607" status="PASS">
          <reporter-output>
          </reporter-output>
        </test-method> <!-- testJavaScriptAlerts -->
        <test-method is-config="true" signature="tearDown()[pri:0, instance:tests.Day8_AlertIFrameTest@543295b0]" started-at="2026-06-29T22:20:45 IST" name="tearDown" finished-at="2026-06-29T22:20:46 IST" duration-ms="512" status="PASS">
          <reporter-output>
          </reporter-output>
        </test-method> <!-- tearDown -->
        <test-method is-config="true" signature="setUp()[pri:0, instance:tests.Day8_AlertIFrameTest@543295b0]" started-at="2026-06-29T22:20:46 IST" name="setUp" finished-at="2026-06-29T22:20:48 IST" duration-ms="2074" status="PASS">
          <reporter-output>
          </reporter-output>
        </test-method> <!-- setUp -->
        <test-method signature="testNestedIFrames()[pri:0, instance:tests.Day8_AlertIFrameTest@543295b0]" started-at="2026-06-29T22:20:48 IST" name="testNestedIFrames" finished-at="2026-06-29T22:20:50 IST" duration-ms="2489" status="PASS">
          <reporter-output>
          </reporter-output>
        </test-method> <!-- testNestedIFrames -->
        <test-method is-config="true" signature="tearDown()[pri:0, instance:tests.Day8_AlertIFrameTest@543295b0]" started-at="2026-06-29T22:20:50 IST" name="tearDown" finished-at="2026-06-29T22:20:51 IST" duration-ms="504" status="PASS">
          <reporter-output>
          </reporter-output>
        </test-method> <!-- tearDown -->
      </class> <!-- tests.Day8_AlertIFrameTest -->
    </test> <!-- Default test -->
  </suite> <!-- Default suite -->
</testng-results>
