<?xml version="1.0" encoding="UTF-8"?>
<testng-results ignored="0" total="2" passed="2" failed="0" skipped="0">
  <reporter-output>
  </reporter-output>
  <suite started-at="2026-06-29T19:26:20 IST" name="Default suite" finished-at="2026-06-29T19:26:39 IST" duration-ms="19141">
    <groups>
    </groups>
    <test started-at="2026-06-29T19:26:20 IST" name="Default test" finished-at="2026-06-29T19:26:39 IST" duration-ms="19141">
      <class name="tests.Day7_FileHandlingTest">
        <test-method is-config="true" signature="setUp()[pri:0, instance:tests.Day7_FileHandlingTest@54422e18]" started-at="2026-06-29T19:26:20 IST" name="setUp" finished-at="2026-06-29T19:26:26 IST" duration-ms="5190" status="PASS">
          <reporter-output>
          </reporter-output>
        </test-method> <!-- setUp -->
        <test-method signature="testFileDownload()[pri:0, instance:tests.Day7_FileHandlingTest@54422e18]" started-at="2026-06-29T19:26:26 IST" name="testFileDownload" finished-at="2026-06-29T19:26:31 IST" duration-ms="5012" status="PASS">
          <reporter-output>
          </reporter-output>
        </test-method> <!-- testFileDownload -->
        <test-method is-config="true" signature="tearDown()[pri:0, instance:tests.Day7_FileHandlingTest@54422e18]" started-at="2026-06-29T19:26:31 IST" name="tearDown" finished-at="2026-06-29T19:26:31 IST" duration-ms="550" status="PASS">
          <reporter-output>
          </reporter-output>
        </test-method> <!-- tearDown -->
        <test-method is-config="true" signature="setUp()[pri:0, instance:tests.Day7_FileHandlingTest@54422e18]" started-at="2026-06-29T19:26:31 IST" name="setUp" finished-at="2026-06-29T19:26:33 IST" duration-ms="2059" status="PASS">
          <reporter-output>
          </reporter-output>
        </test-method> <!-- setUp -->
        <test-method signature="testFileUpload()[pri:0, instance:tests.Day7_FileHandlingTest@54422e18]" started-at="2026-06-29T19:26:33 IST" name="testFileUpload" finished-at="2026-06-29T19:26:39 IST" duration-ms="5731" status="PASS">
          <reporter-output>
          </reporter-output>
        </test-method> <!-- testFileUpload -->
        <test-method is-config="true" signature="tearDown()[pri:0, instance:tests.Day7_FileHandlingTest@54422e18]" started-at="2026-06-29T19:26:39 IST" name="tearDown" finished-at="2026-06-29T19:26:39 IST" duration-ms="340" status="PASS">
          <reporter-output>
          </reporter-output>
        </test-method> <!-- tearDown -->
      </class> <!-- tests.Day7_FileHandlingTest -->
    </test> <!-- Default test -->
  </suite> <!-- Default suite -->
</testng-results>
