<?xml version="1.0" encoding="UTF-8"?>
<!-- Generated by org.testng.reporters.JUnitReportReporter -->
<testsuite hostname="LAPTOP-6OJK6R0I" failures="0" tests="2" name="tests.Day7_FileHandlingTest" time="18.882" errors="0" timestamp="2026-06-29T19:26:40 IST" skipped="0">
  <testcase classname="tests.Day7_FileHandlingTest" name="testFileDownload" time="7.621"/>
  <testcase classname="tests.Day7_FileHandlingTest" name="testFileUpload" time="11.261"/>
</testsuite> <!-- tests.Day7_FileHandlingTest -->
