<?xml version="1.0" encoding="UTF-8"?>
<!-- Generated by org.testng.reporters.JUnitReportReporter -->
<testsuite hostname="LAPTOP-6OJK6R0I" failures="0" tests="4" name="tests.Day6_ActionsTest" time="26.839" errors="0" timestamp="2026-06-29T19:15:11 IST" skipped="0">
  <testcase classname="tests.Day6_ActionsTest" name="testDragAndDrop" time="8.622"/>
  <testcase classname="tests.Day6_ActionsTest" name="testJSExecutorScrollAndClick" time="6.743"/>
  <testcase classname="tests.Day6_ActionsTest" name="testMouseHover" time="5.220"/>
  <testcase classname="tests.Day6_ActionsTest" name="testRightClickAndDoubleClick" time="6.254"/>
</testsuite> <!-- tests.Day6_ActionsTest -->
