<?xml version="1.0" encoding="UTF-8"?>
<!-- Generated by org.testng.reporters.JUnitReportReporter -->
<testsuite hostname="LAPTOP-6OJK6R0I" failures="0" tests="3" name="tests.Day10_FileTest" time="33.404" errors="0" timestamp="2026-07-01T20:48:47 IST" skipped="0">
  <testcase classname="tests.Day10_FileTest" name="testFileUpload" time="7.467"/>
  <testcase classname="tests.Day10_FileTest" name="testFileDownload" time="15.450"/>
  <testcase classname="tests.Day10_FileTest" name="testBrokenImages" time="10.487"/>
</testsuite> <!-- tests.Day10_FileTest -->
