<?xml version="1.0" encoding="UTF-8"?>
<!-- Generated by org.testng.reporters.JUnitReportReporter -->
<testsuite hostname="LAPTOP-6OJK6R0I" failures="0" tests="2" name="tests.Day8_AlertIFrameTest" time="15.047" errors="0" timestamp="2026-06-29T22:20:51 IST" skipped="0">
  <testcase classname="tests.Day8_AlertIFrameTest" name="testNestedIFrames" time="6.862"/>
  <testcase classname="tests.Day8_AlertIFrameTest" name="testJavaScriptAlerts" time="8.185"/>
</testsuite> <!-- tests.Day8_AlertIFrameTest -->
